<?xml version="1.0" encoding="UTF-8"?>
<testng-results skipped="0" failed="0" total="1" passed="1">
  <reporter-output>
  </reporter-output>
  <suite name="Default suite" duration-ms="42471" started-at="2018-08-05T07:50:03Z" finished-at="2018-08-05T07:50:46Z">
    <groups>
    </groups>
    <test name="Default test" duration-ms="42471" started-at="2018-08-05T07:50:03Z" finished-at="2018-08-05T07:50:46Z">
      <class name="freeCRM.FreeCRMTest">
        <test-method status="PASS" signature="crmLogin()[pri:0, instance:freeCRM.FreeCRMTest@6df97b55]" name="crmLogin" duration-ms="42433" started-at="2018-08-05T13:20:03Z" finished-at="2018-08-05T13:20:46Z">
          <reporter-output>
          </reporter-output>
        </test-method> <!-- crmLogin -->
      </class> <!-- freeCRM.FreeCRMTest -->
    </test> <!-- Default test -->
  </suite> <!-- Default suite -->
</testng-results>
